Traceback (most recent call last):
  File "D:\03_AI\EstateAI\run_test.py", line 14, in <module>
    from app.agents.parse_agent import ParseAgent, ParseInput
  File "D:\03_AI\EstateAI\app\agents\__init__.py", line 6, in <module>
    from .base import BaseAgent
  File "D:\03_AI\EstateAI\app\agents\base.py", line 8, in <module>
    from pydantic import BaseModel
ModuleNotFoundError: No module named 'pydantic'

During handling of the above exception, another exception occurred:

Traceback (most recent call last):
  File "D:\03_AI\EstateAI\run_test.py", line 20, in <module>
    print(f"\u274c Import ½ÇÆÐ: {e}")
UnicodeEncodeError: 'cp949' codec can't encode character '\u274c' in position 0: illegal multibyte sequence
